<?xml version="1.0" encoding="UTF-8"?>
<testng-results skipped="0" failed="0" total="1" passed="1">
  <reporter-output>
  </reporter-output>
  <suite name="Default suite" duration-ms="75146" started-at="2019-04-29T06:13:12Z" finished-at="2019-04-29T06:14:27Z">
    <groups>
    </groups>
    <test name="Default test" duration-ms="75146" started-at="2019-04-29T06:13:12Z" finished-at="2019-04-29T06:14:27Z">
      <class name="Testcases.LoginApplication">
        <test-method status="PASS" signature="login()[pri:0, instance:Testcases.LoginApplication@73035e27]" name="login" duration-ms="75145" started-at="2019-04-29T11:43:12Z" finished-at="2019-04-29T11:44:27Z">
          <reporter-output>
          </reporter-output>
        </test-method> <!-- login -->
      </class> <!-- Testcases.LoginApplication -->
    </test> <!-- Default test -->
  </suite> <!-- Default suite -->
</testng-results>
