<?xml version="1.0" encoding="UTF-8"?>
<!-- Generated by org.testng.reporters.JUnitXMLReporter -->
<testsuite hostname="MOB-SKCL-DP108" name="Test" tests="6" failures="0" timestamp="20 Mar 2019 06:46:05 GMT" time="79.168" errors="0">
  <testcase name="testNg" time="0.011" classname="TestNGprac.Newclass"/>
  <testcase name="checkTest" time="0.016" classname="TestNGprac.Class4"/>
  <testcase name="Befortest" time="0.0" classname="TestNGprac.Class4"/>
  <testcase name="afterTest" time="0.0" classname="TestNGprac.Class4"/>
  <testcase name="CreateSupplier" time="0.0" classname="TestNGprac.Generic">
    <skipped/>
  </testcase> <!-- CreateSupplier -->
  <testcase name="CreateSupplier" time="0.0" classname="TestNGprac.Mainclass">
    <skipped/>
  </testcase> <!-- CreateSupplier -->
</testsuite> <!-- Test -->
