<?xml version="1.0" encoding="UTF-8"?>
<testng-results skipped="0" failed="0" total="1" passed="1">
  <reporter-output>
  </reporter-output>
  <suite name="Suite" duration-ms="88179" started-at="2019-10-29T16:56:18Z" finished-at="2019-10-29T16:57:46Z">
    <groups>
    </groups>
    <test name="Test" duration-ms="88179" started-at="2019-10-29T16:56:18Z" finished-at="2019-10-29T16:57:46Z">
      <class name="Inhabtir.Addtocartcard">
        <test-method status="PASS" signature="Criflow1()[pri:0, instance:Inhabtir.Addtocartcard@73035e27]" name="Criflow1" duration-ms="88163" started-at="2019-10-29T22:26:18Z" finished-at="2019-10-29T22:27:46Z">
          <reporter-output>
          </reporter-output>
        </test-method> <!-- Criflow1 -->
      </class> <!-- Inhabtir.Addtocartcard -->
    </test> <!-- Test -->
  </suite> <!-- Suite -->
</testng-results>
